<?xml version="1.0" encoding="UTF-8"?>
<!-- Generated by org.testng.reporters.JUnitReportReporter -->
<testsuite hostname="CHOWDARY" failures="0" tests="12" name="com.execution.Registerexe" time="27.247" errors="0" timestamp="2023-10-27T09:52:45 IST" skipped="0">
  <testcase classname="com.execution.Registerexe" name="registerPageNavigation" time="1.006"/>
  <system-out/>
  <testcase classname="com.execution.Registerexe" name="SelectGender" time="3.871"/>
  <system-out/>
  <testcase classname="com.execution.Registerexe" name="EnterFname" time="0.192"/>
  <system-out/>
  <testcase classname="com.execution.Registerexe" name="EnterLname" time="0.169"/>
  <system-out/>
  <testcase classname="com.execution.Registerexe" name="DateSelection" time="0.166"/>
  <system-out/>
  <testcase classname="com.execution.Registerexe" name="MonthSelection" time="0.143"/>
  <system-out/>
  <testcase classname="com.execution.Registerexe" name="YearSelection" time="0.138"/>
  <system-out/>
  <testcase classname="com.execution.Registerexe" name="EmailEnter" time="0.220"/>
  <system-out/>
  <testcase classname="com.execution.Registerexe" name="CompanyName" time="0.171"/>
  <system-out/>
  <testcase classname="com.execution.Registerexe" name="EnterPWD" time="0.162"/>
  <system-out/>
  <testcase classname="com.execution.Registerexe" name="EnterCnfPWD" time="0.164"/>
  <system-out/>
  <testcase classname="com.execution.Registerexe" name="RegisterButton" time="20.845"/>
  <system-out/>
</testsuite> <!-- com.execution.Registerexe -->
