<?xml version="1.0" encoding="UTF-8"?>
<!-- Generated by org.testng.reporters.JUnitReportReporter -->
<testsuite hostname="CHOWDARY" failures="0" tests="3" name="com.execution.NopCommerceLogin" time="1.612" errors="0" timestamp="2023-08-10T14:20:11 IST" skipped="0">
  <testcase classname="com.execution.NopCommerceLogin" name="username" time="0.229"/>
  <system-out/>
  <testcase classname="com.execution.NopCommerceLogin" name="password" time="0.139"/>
  <system-out/>
  <testcase classname="com.execution.NopCommerceLogin" name="login" time="1.244"/>
  <system-out/>
</testsuite> <!-- com.execution.NopCommerceLogin -->
