<?xml version="1.0" encoding="UTF-8"?>
<!-- Generated by org.testng.reporters.JUnitReportReporter -->
<testsuite hostname="CHOWDARY" failures="0" tests="1" name="com.execution.NopCommerceLogin" time="1.388" errors="0" timestamp="2023-10-26T13:03:30 IST" skipped="0">
  <testcase classname="com.execution.NopCommerceLogin" name="NopLogin" time="1.388"/>
  <system-out/>
</testsuite> <!-- com.execution.NopCommerceLogin -->
