<?xml version="1.0" encoding="UTF-8"?>
<!-- Generated by org.testng.reporters.JUnitReportReporter -->
<testsuite hostname="CHOWDARY" failures="0" tests="3" name="com.execution.NopCommerceLogin" time="1.531" errors="0" timestamp="2023-08-10T10:10:34 IST" skipped="0">
  <testcase classname="com.execution.NopCommerceLogin" name="username" time="0.358"/>
  <system-out/>
  <testcase classname="com.execution.NopCommerceLogin" name="password" time="0.225"/>
  <system-out/>
  <testcase classname="com.execution.NopCommerceLogin" name="login" time="0.948"/>
  <system-out/>
</testsuite> <!-- com.execution.NopCommerceLogin -->
