<?xml version="1.0" encoding="UTF-8"?>
<!-- Generated by org.testng.reporters.JUnitReportReporter -->
<testsuite hostname="CHOWDARY" failures="0" tests="3" name="com.execution.catLogExecution" time="1.646" errors="0" timestamp="2023-08-08T21:53:42 IST" skipped="0">
  <testcase classname="com.execution.catLogExecution" name="username" time="0.388"/>
  <system-out/>
  <testcase classname="com.execution.catLogExecution" name="password" time="0.230"/>
  <system-out/>
  <testcase classname="com.execution.catLogExecution" name="login" time="1.028"/>
  <system-out/>
</testsuite> <!-- com.execution.catLogExecution -->
